[2021-02-11 12:42:32,155] SEVERE {b7a.log.crash} - Index: '1', Size: '1' 
java.lang.IndexOutOfBoundsException: Index: '1', Size: '1'
	at io.ballerina.compiler.internal.syntax.NodeListUtils.rangeCheck(NodeListUtils.java:38)
	at io.ballerina.compiler.syntax.tree.SeparatedNodeList.get(SeparatedNodeList.java:45)
	at io.ballerina.projects.DocumentContext.getModuleLoadRequest(DocumentContext.java:167)
	at io.ballerina.projects.DocumentContext.getModuleLoadRequests(DocumentContext.java:129)
	at io.ballerina.projects.DocumentContext.moduleLoadRequests(DocumentContext.java:121)
	at io.ballerina.projects.ModuleContext.populateModuleLoadRequests(ModuleContext.java:171)
	at io.ballerina.projects.PackageResolution.getModuleLoadRequestsOfDirectDependencies(PackageResolution.java:160)
	at io.ballerina.projects.PackageResolution.createDependencyGraphFromSources(PackageResolution.java:229)
	at io.ballerina.projects.PackageResolution.buildDependencyGraph(PackageResolution.java:146)
	at io.ballerina.projects.PackageResolution.<init>(PackageResolution.java:70)
	at io.ballerina.projects.PackageResolution.from(PackageResolution.java:77)
	at io.ballerina.projects.PackageContext.getResolution(PackageContext.java:201)
	at io.ballerina.projects.PackageCompilation.from(PackageCompilation.java:93)
	at io.ballerina.projects.PackageContext.getPackageCompilation(PackageContext.java:194)
	at io.ballerina.projects.Package.getCompilation(Package.java:124)
	at io.ballerina.cli.task.CompileTask.execute(CompileTask.java:68)
	at io.ballerina.cli.TaskExecutor.executeTasks(TaskExecutor.java:40)
	at io.ballerina.cli.cmd.RunCommand.execute(RunCommand.java:155)
	at java.base/java.util.Optional.ifPresent(Unknown Source)
	at io.ballerina.cli.launcher.Main.main(Main.java:58)
 
[2021-02-11 12:43:39,667] SEVERE {b7a.log.crash} - Index: '1', Size: '1' 
java.lang.IndexOutOfBoundsException: Index: '1', Size: '1'
	at io.ballerina.compiler.internal.syntax.NodeListUtils.rangeCheck(NodeListUtils.java:38)
	at io.ballerina.compiler.syntax.tree.SeparatedNodeList.get(SeparatedNodeList.java:45)
	at io.ballerina.projects.DocumentContext.getModuleLoadRequest(DocumentContext.java:167)
	at io.ballerina.projects.DocumentContext.getModuleLoadRequests(DocumentContext.java:129)
	at io.ballerina.projects.DocumentContext.moduleLoadRequests(DocumentContext.java:121)
	at io.ballerina.projects.ModuleContext.populateModuleLoadRequests(ModuleContext.java:171)
	at io.ballerina.projects.PackageResolution.getModuleLoadRequestsOfDirectDependencies(PackageResolution.java:160)
	at io.ballerina.projects.PackageResolution.createDependencyGraphFromSources(PackageResolution.java:229)
	at io.ballerina.projects.PackageResolution.buildDependencyGraph(PackageResolution.java:146)
	at io.ballerina.projects.PackageResolution.<init>(PackageResolution.java:70)
	at io.ballerina.projects.PackageResolution.from(PackageResolution.java:77)
	at io.ballerina.projects.PackageContext.getResolution(PackageContext.java:201)
	at io.ballerina.projects.PackageCompilation.from(PackageCompilation.java:93)
	at io.ballerina.projects.PackageContext.getPackageCompilation(PackageContext.java:194)
	at io.ballerina.projects.Package.getCompilation(Package.java:124)
	at io.ballerina.cli.task.CompileTask.execute(CompileTask.java:68)
	at io.ballerina.cli.TaskExecutor.executeTasks(TaskExecutor.java:40)
	at io.ballerina.cli.cmd.BuildCommand.execute(BuildCommand.java:248)
	at java.base/java.util.Optional.ifPresent(Unknown Source)
	at io.ballerina.cli.launcher.Main.main(Main.java:58)
 
